<?xml version="1.0" encoding="UTF-8" ?>
<testsuite failures="1" time="3.15" errors="0" skipped="2" tests="6" name="TestSuite">
  <properties>
[...]
</properties>
  <testcase time="0" classname="com.mymoney.persistence.PersistentStateTransitionsTest" name="beforeTestMethod">
    <failure message="ACCOUNT" type="org.dbunit.dataset.NoSuchTableException">org.dbunit.dataset.NoSuchTableException: ACCOUNT
	at org.dbunit.database.DatabaseDataSet.getTableMetaData(DatabaseDataSet.java:192)
	at org.dbunit.operation.DeleteAllOperation.execute(DeleteAllOperation.java:98)
	at org.dbunit.operation.CompositeOperation.execute(CompositeOperation.java:67)
	at com.mymoney.persistence.HibernateIntegrationTest.beforeTestMethod(HibernateIntegrationTest.java:63)
	at sun.reflect.NativeMethodAccessorImpl.invoke0(Native Method)
	at sun.reflect.NativeMethodAccessorImpl.invoke(NativeMethodAccessorImpl.java:57)
	at sun.reflect.DelegatingMethodAccessorImpl.invoke(DelegatingMethodAccessorImpl.java:43)
	at java.lang.reflect.Method.invoke(Method.java:601)
	at org.testng.internal.MethodHelper.invokeMethod(MethodHelper.java:552)
	at org.testng.internal.Invoker.invokeConfigurationMethod(Invoker.java:322)
	at org.testng.internal.Invoker.invokeConfigurations(Invoker.java:156)
	at org.testng.internal.Invoker.invokeMethod(Invoker.java:365)
	at org.testng.internal.Invoker.invokeTestMethods(Invoker.java:785)
	at org.testng.internal.TestMethodWorker.run(TestMethodWorker.java:114)
	at org.testng.TestRunner.privateRun(TestRunner.java:693)
	at org.testng.TestRunner.run(TestRunner.java:574)
	at org.testng.SuiteRunner.privateRun(SuiteRunner.java:241)
	at org.testng.SuiteRunner.run(SuiteRunner.java:145)
	at org.testng.TestNG.createAndRunSuiteRunners(TestNG.java:901)
	at org.testng.TestNG.runSuitesLocally(TestNG.java:863)
	at org.testng.TestNG.run(TestNG.java:613)
	at org.apache.maven.surefire.testng.TestNGExecutor.run(TestNGExecutor.java:70)
	at org.apache.maven.surefire.testng.TestNGDirectoryTestSuite.executeMulti(TestNGDirectoryTestSuite.java:158)
	at org.apache.maven.surefire.testng.TestNGDirectoryTestSuite.execute(TestNGDirectoryTestSuite.java:98)
	at org.apache.maven.surefire.testng.TestNGProvider.invoke(TestNGProvider.java:111)
	at sun.reflect.NativeMethodAccessorImpl.invoke0(Native Method)
	at sun.reflect.NativeMethodAccessorImpl.invoke(NativeMethodAccessorImpl.java:57)
	at sun.reflect.DelegatingMethodAccessorImpl.invoke(DelegatingMethodAccessorImpl.java:43)
	at java.lang.reflect.Method.invoke(Method.java:601)
	at org.apache.maven.surefire.util.ReflectionUtils.invokeMethodWithArray(ReflectionUtils.java:164)
	at org.apache.maven.surefire.booter.ProviderFactory$ProviderProxy.invoke(ProviderFactory.java:110)
	at org.apache.maven.surefire.booter.SurefireStarter.invokeProvider(SurefireStarter.java:175)
	at org.apache.maven.surefire.booter.SurefireStarter.runSuitesInProcessWhenForked(SurefireStarter.java:107)
	at org.apache.maven.surefire.booter.ForkedBooter.main(ForkedBooter.java:68)
</failure>
    <system-out>19:11:48,325  INFO Environment:514 - Hibernate 3.2.5
19:11:48,344  INFO Environment:547 - hibernate.properties not found
19:11:48,354  INFO Environment:681 - Bytecode provider name : cglib
19:11:48,360  INFO Environment:598 - using JDK 1.4 java.sql.Timestamp handling
19:11:48,474  INFO Configuration:1426 - configuring from resource: /hibernate.cfg.xml
19:11:48,475  INFO Configuration:1403 - Configuration resource: /hibernate.cfg.xml
19:11:48,561 DEBUG DTDEntityResolver:38 - trying to resolve system-id [http://hibernate.sourceforge.net/hibernate-configuration-3.0.dtd]
19:11:48,562 DEBUG DTDEntityResolver:40 - recognized hibernate namespace; attempting to resolve on classpath under org/hibernate/
19:11:48,563 DEBUG DTDEntityResolver:50 - located [http://hibernate.sourceforge.net/hibernate-configuration-3.0.dtd] in classpath
19:11:48,593 DEBUG Configuration:1387 - connection.driver_class=org.hsqldb.jdbcDriver
19:11:48,594 DEBUG Configuration:1387 - connection.url=jdbc:hsqldb:hsql://localhost
19:11:48,594 DEBUG Configuration:1387 - connection.username=sa
19:11:48,595 DEBUG Configuration:1387 - connection.password=
19:11:48,595 DEBUG Configuration:1387 - dialect=org.hibernate.dialect.HSQLDialect
19:11:48,598 DEBUG Configuration:1387 - connection.pool_size=1
19:11:48,599 DEBUG Configuration:1387 - current_session_context_class=thread
19:11:48,599 DEBUG Configuration:1387 - cache.provider_class=org.hibernate.cache.NoCacheProvider
19:11:48,600 DEBUG Configuration:1387 - show_sql=true
19:11:48,601 DEBUG Configuration:1586 - null&lt;-org.dom4j.tree.DefaultAttribute@7f745b55 [Attribute: name resource value &quot;Account.hbm.xml&quot;]
19:11:48,602  INFO Configuration:553 - Reading mappings from resource : Account.hbm.xml
19:11:48,604 DEBUG DTDEntityResolver:38 - trying to resolve system-id [http://hibernate.sourceforge.net/hibernate-mapping-3.0.dtd]
19:11:48,605 DEBUG DTDEntityResolver:40 - recognized hibernate namespace; attempting to resolve on classpath under org/hibernate/
19:11:48,614 DEBUG DTDEntityResolver:50 - located [http://hibernate.sourceforge.net/hibernate-mapping-3.0.dtd] in classpath
19:11:48,820  INFO HbmBinder:300 - Mapping class: com.mymoney.model.Account -&gt; Account
19:11:48,872 DEBUG HbmBinder:1270 - Mapped property: id -&gt; ACCOUNT_ID
19:11:48,883 DEBUG HbmBinder:1270 - Mapped property: name -&gt; name
19:11:48,884 DEBUG HbmBinder:1270 - Mapped property: shortName -&gt; shortName
19:11:48,887 DEBUG HbmBinder:1270 - Mapped property: accountNum -&gt; accountNum
19:11:48,888 DEBUG HbmBinder:1270 - Mapped property: notes -&gt; notes
19:11:48,892 DEBUG HbmBinder:1270 - Mapped property: amount -&gt; amount
19:11:48,894 DEBUG HbmBinder:1270 - Mapped property: currency -&gt; currency
19:11:48,902 DEBUG HbmBinder:1270 - Mapped property: openingBalance -&gt; amount, currency
19:11:48,919 DEBUG HbmBinder:1270 - Mapped property: transactions
19:11:48,920 DEBUG Configuration:1586 - null&lt;-org.dom4j.tree.DefaultAttribute@54b216b3 [Attribute: name resource value &quot;Transaction.hbm.xml&quot;]
19:11:48,934  INFO Configuration:553 - Reading mappings from resource : Transaction.hbm.xml
19:11:48,936 DEBUG DTDEntityResolver:38 - trying to resolve system-id [http://hibernate.sourceforge.net/hibernate-mapping-3.0.dtd]
19:11:48,938 DEBUG DTDEntityResolver:40 - recognized hibernate namespace; attempting to resolve on classpath under org/hibernate/
19:11:48,939 DEBUG DTDEntityResolver:50 - located [http://hibernate.sourceforge.net/hibernate-mapping-3.0.dtd] in classpath
19:11:48,994  INFO HbmBinder:300 - Mapping class: com.mymoney.model.Transaction -&gt; Transaction
19:11:48,995 DEBUG HbmBinder:1270 - Mapped property: id -&gt; TRANSACTION_ID
19:11:49,193 DEBUG HbmBinder:1270 - Mapped property: account -&gt; account_id
19:11:49,200 DEBUG HbmBinder:1270 - Mapped property: category -&gt; category
19:11:49,220 DEBUG HbmBinder:1270 - Mapped property: subCategory -&gt; subCategory
19:11:49,221 DEBUG HbmBinder:1270 - Mapped property: description -&gt; description
19:11:49,234 DEBUG HbmBinder:1270 - Mapped property: payee -&gt; payee
19:11:49,235 DEBUG HbmBinder:1270 - Mapped property: amount -&gt; amount
19:11:49,238 DEBUG HbmBinder:1270 - Mapped property: currency -&gt; currency
19:11:49,239 DEBUG HbmBinder:1270 - Mapped property: amount -&gt; amount, currency
19:11:49,240  INFO Configuration:1541 - Configured SessionFactory: null
19:11:49,241 DEBUG Configuration:1542 - properties: {show_sql=true, java.vendor=Oracle Corporation, localRepository=/Users/sabram/.m2/repository, sun.java.launcher=SUN_STANDARD, hibernate.connection.url=jdbc:hsqldb:hsql://localhost, sun.management.compiler=HotSpot 64-Bit Tiered Compilers, os.name=Mac OS X, sun.boot.class.path=/Library/Java/JavaVirtualMachines/jdk1.7.0_07.jdk/Contents/Home/jre/lib/resources.jar:/Library/Java/JavaVirtualMachines/jdk1.7.0_07.jdk/Contents/Home/jre/lib/rt.jar:/Library/Java/JavaVirtualMachines/jdk1.7.0_07.jdk/Contents/Home/jre/lib/sunrsasign.jar:/Library/Java/JavaVirtualMachines/jdk1.7.0_07.jdk/Contents/Home/jre/lib/jsse.jar:/Library/Java/JavaVirtualMachines/jdk1.7.0_07.jdk/Contents/Home/jre/lib/jce.jar:/Library/Java/JavaVirtualMachines/jdk1.7.0_07.jdk/Contents/Home/jre/lib/charsets.jar:/Library/Java/JavaVirtualMachines/jdk1.7.0_07.jdk/Contents/Home/jre/lib/jfr.jar:/Library/Java/JavaVirtualMachines/jdk1.7.0_07.jdk/Contents/Home/jre/lib/JObjC.jar:/Library/Java/JavaVirtualMachines/jdk1.7.0_07.jdk/Contents/Home/jre/classes, hibernate.current_session_context_class=thread, java.vm.specification.vendor=Oracle Corporation, java.runtime.version=1.7.0_07-b10, hibernate.cache.provider_class=org.hibernate.cache.NoCacheProvider, user.name=sabram, connection.driver_class=org.hsqldb.jdbcDriver, current_session_context_class=thread, user.language=en, sun.boot.library.path=/Library/Java/JavaVirtualMachines/jdk1.7.0_07.jdk/Contents/Home/jre/lib, dialect=org.hibernate.dialect.HSQLDialect, java.version=1.7.0_07, user.timezone=America/Los_Angeles, sun.arch.data.model=64, http.nonProxyHosts=local|*.local|169.254/16|*.169.254/16, java.endorsed.dirs=/Library/Java/JavaVirtualMachines/jdk1.7.0_07.jdk/Contents/Home/jre/lib/endorsed, sun.cpu.isalist=, sun.jnu.encoding=UTF-8, file.encoding.pkg=sun.io, file.separator=/, java.specification.name=Java Platform API Specification, java.class.version=51.0, user.country=US, connection.url=jdbc:hsqldb:hsql://localhost, java.home=/Library/Java/JavaVirtualMachines/jdk1.7.0_07.jdk/Contents/Home/jre, java.vm.info=mixed mode, os.version=10.8.2, surefire.real.class.path=/Users/sabram/Dev/testlab/MyMoney/target/surefire/surefirebooter1284132449689507200.jar, path.separator=:, connection.password=, java.vm.version=23.3-b01, hibernate.connection.password=, java.awt.printerjob=sun.lwawt.macosx.CPrinterJob, sun.io.unicode.encoding=UnicodeBig, awt.toolkit=sun.lwawt.macosx.LWCToolkit, hibernate.connection.username=sa, socksNonProxyHosts=local|*.local|169.254/16|*.169.254/16, ftp.nonProxyHosts=local|*.local|169.254/16|*.169.254/16, user.home=/Users/sabram, java.specification.vendor=Oracle Corporation, java.library.path=/Users/sabram/Library/Java/Extensions:/Library/Java/Extensions:/Network/Library/Java/Extensions:/System/Library/Java/Extensions:/usr/lib/java:., java.vendor.url=http://java.oracle.com/, hibernate.connection.driver_class=org.hsqldb.jdbcDriver, connection.username=sa, java.vm.vendor=Oracle Corporation, gopherProxySet=false, hibernate.dialect=org.hibernate.dialect.HSQLDialect, java.runtime.name=Java(TM) SE Runtime Environment, sun.java.command=/Users/sabram/Dev/testlab/MyMoney/target/surefire/surefirebooter1284132449689507200.jar /Users/sabram/Dev/testlab/MyMoney/target/surefire/surefire2843837676712960576tmp /Users/sabram/Dev/testlab/MyMoney/target/surefire/surefire2000876659739432333tmp, java.class.path=/Users/sabram/Dev/testlab/MyMoney/target/test-classes:/Users/sabram/Dev/testlab/MyMoney/target/classes:/Users/sabram/.m2/repository/junit/junit/3.8.1/junit-3.8.1.jar:/Users/sabram/.m2/repository/com/domainlanguage/timeandmoney/0.5.1/timeandmoney-0.5.1.jar:/Users/sabram/.m2/repository/org/hibernate/hibernate/3.2.5.ga/hibernate-3.2.5.ga.jar:/Users/sabram/.m2/repository/net/sf/ehcache/ehcache/1.2.3/ehcache-1.2.3.jar:/Users/sabram/.m2/repository/javax/transaction/jta/1.0.1B/jta-1.0.1B.jar:/Users/sabram/.m2/repository/commons-logging/commons-logging/1.0.4/commons-logging-1.0.4.jar:/Users/sabram/.m2/repository/asm/asm-attrs/1.5.3/asm-attrs-1.5.3.jar:/Users/sabram/.m2/repository/dom4j/dom4j/1.6.1/dom4j-1.6.1.jar:/Users/sabram/.m2/repository/antlr/antlr/2.7.6/antlr-2.7.6.jar:/Users/sabram/.m2/repository/cglib/cglib/2.1_3/cglib-2.1_3.jar:/Users/sabram/.m2/repository/asm/asm/1.5.3/asm-1.5.3.jar:/Users/sabram/.m2/repository/commons-collections/commons-collections/2.1.1/commons-collections-2.1.1.jar:/Users/sabram/.m2/repository/org/dbunit/dbunit/2.2/dbunit-2.2.jar:/Users/sabram/.m2/repository/junit-addons/junit-addons/1.4/junit-addons-1.4.jar:/Users/sabram/.m2/repository/xerces/xercesImpl/2.6.2/xercesImpl-2.6.2.jar:/Users/sabram/.m2/repository/xerces/xmlParserAPIs/2.6.2/xmlParserAPIs-2.6.2.jar:/Users/sabram/.m2/repository/poi/poi/2.5.1-final-20040804/poi-2.5.1-final-20040804.jar:/Users/sabram/.m2/repository/commons-lang/commons-lang/2.1/commons-lang-2.1.jar:/Users/sabram/.m2/repository/org/testng/testng/5.1/testng-5.1-jdk15.jar:/Users/sabram/.m2/repository/javax/servlet/jsp-api/2.0/jsp-api-2.0.jar:/Users/sabram/.m2/repository/javax/servlet/servlet-api/2.4/servlet-api-2.4.jar:/Users/sabram/.m2/repository/org/springframework/spring-web/2.5.6/spring-web-2.5.6.jar:/Users/sabram/.m2/repository/org/springframework/spring-beans/2.5.6/spring-beans-2.5.6.jar:/Users/sabram/.m2/repository/org/springframework/spring-context/2.5.6/spring-context-2.5.6.jar:/Users/sabram/.m2/repository/aopalliance/aopalliance/1.0/aopalliance-1.0.jar:/Users/sabram/.m2/repository/org/springframework/spring-core/2.5.6/spring-core-2.5.6.jar:/Users/sabram/.m2/repository/org/springframework/spring-webmvc/2.5.6/spring-webmvc-2.5.6.jar:/Users/sabram/.m2/repository/org/springframework/spring-context-support/2.5.6/spring-context-support-2.5.6.jar:/Users/sabram/.m2/repository/log4j/log4j/1.2.13/log4j-1.2.13.jar:/Users/sabram/.m2/repository/org/jmock/jmock/2.1.0/jmock-2.1.0.jar:/Users/sabram/.m2/repository/org/hamcrest/hamcrest-api/1.0/hamcrest-api-1.0.jar:/Users/sabram/.m2/repository/org/hamcrest/hamcrest-library/1.0/hamcrest-library-1.0.jar:/Users/sabram/.m2/repository/org/jmock/jmock-junit3/2.1.0/jmock-junit3-2.1.0.jar:/Users/sabram/.m2/repository/hsqldb/hsqldb/1.8.0.7/hsqldb-1.8.0.7.jar:/Users/sabram/.m2/repository/org/apache/maven/surefire/surefire-testng-utils/2.10/surefire-testng-utils-2.10.jar:, hibernate.bytecode.use_reflection_optimizer=false, java.vm.specification.name=Java Virtual Machine Specification, java.vm.specification.version=1.7, sun.cpu.endian=little, sun.os.patch.level=unknown, surefire.test.class.path=/Users/sabram/Dev/testlab/MyMoney/target/test-classes:/Users/sabram/Dev/testlab/MyMoney/target/classes:/Users/sabram/.m2/repository/junit/junit/3.8.1/junit-3.8.1.jar:/Users/sabram/.m2/repository/com/domainlanguage/timeandmoney/0.5.1/timeandmoney-0.5.1.jar:/Users/sabram/.m2/repository/org/hibernate/hibernate/3.2.5.ga/hibernate-3.2.5.ga.jar:/Users/sabram/.m2/repository/net/sf/ehcache/ehcache/1.2.3/ehcache-1.2.3.jar:/Users/sabram/.m2/repository/javax/transaction/jta/1.0.1B/jta-1.0.1B.jar:/Users/sabram/.m2/repository/commons-logging/commons-logging/1.0.4/commons-logging-1.0.4.jar:/Users/sabram/.m2/repository/asm/asm-attrs/1.5.3/asm-attrs-1.5.3.jar:/Users/sabram/.m2/repository/dom4j/dom4j/1.6.1/dom4j-1.6.1.jar:/Users/sabram/.m2/repository/antlr/antlr/2.7.6/antlr-2.7.6.jar:/Users/sabram/.m2/repository/cglib/cglib/2.1_3/cglib-2.1_3.jar:/Users/sabram/.m2/repository/asm/asm/1.5.3/asm-1.5.3.jar:/Users/sabram/.m2/repository/commons-collections/commons-collections/2.1.1/commons-collections-2.1.1.jar:/Users/sabram/.m2/repository/org/dbunit/dbunit/2.2/dbunit-2.2.jar:/Users/sabram/.m2/repository/junit-addons/junit-addons/1.4/junit-addons-1.4.jar:/Users/sabram/.m2/repository/xerces/xercesImpl/2.6.2/xercesImpl-2.6.2.jar:/Users/sabram/.m2/repository/xerces/xmlParserAPIs/2.6.2/xmlParserAPIs-2.6.2.jar:/Users/sabram/.m2/repository/poi/poi/2.5.1-final-20040804/poi-2.5.1-final-20040804.jar:/Users/sabram/.m2/repository/commons-lang/commons-lang/2.1/commons-lang-2.1.jar:/Users/sabram/.m2/repository/org/testng/testng/5.1/testng-5.1-jdk15.jar:/Users/sabram/.m2/repository/javax/servlet/jsp-api/2.0/jsp-api-2.0.jar:/Users/sabram/.m2/repository/javax/servlet/servlet-api/2.4/servlet-api-2.4.jar:/Users/sabram/.m2/repository/org/springframework/spring-web/2.5.6/spring-web-2.5.6.jar:/Users/sabram/.m2/repository/org/springframework/spring-beans/2.5.6/spring-beans-2.5.6.jar:/Users/sabram/.m2/repository/org/springframework/spring-context/2.5.6/spring-context-2.5.6.jar:/Users/sabram/.m2/repository/aopalliance/aopalliance/1.0/aopalliance-1.0.jar:/Users/sabram/.m2/repository/org/springframework/spring-core/2.5.6/spring-core-2.5.6.jar:/Users/sabram/.m2/repository/org/springframework/spring-webmvc/2.5.6/spring-webmvc-2.5.6.jar:/Users/sabram/.m2/repository/org/springframework/spring-context-support/2.5.6/spring-context-support-2.5.6.jar:/Users/sabram/.m2/repository/log4j/log4j/1.2.13/log4j-1.2.13.jar:/Users/sabram/.m2/repository/org/jmock/jmock/2.1.0/jmock-2.1.0.jar:/Users/sabram/.m2/repository/org/hamcrest/hamcrest-api/1.0/hamcrest-api-1.0.jar:/Users/sabram/.m2/repository/org/hamcrest/hamcrest-library/1.0/hamcrest-library-1.0.jar:/Users/sabram/.m2/repository/org/jmock/jmock-junit3/2.1.0/jmock-junit3-2.1.0.jar:/Users/sabram/.m2/repository/hsqldb/hsqldb/1.8.0.7/hsqldb-1.8.0.7.jar:/Users/sabram/.m2/repository/org/apache/maven/surefire/surefire-testng-utils/2.10/surefire-testng-utils-2.10.jar:, connection.pool_size=1, java.io.tmpdir=/var/folders/qb/7gty8d3j64j68ltfvhs_853c0000gn/T/, java.vendor.url.bug=http://bugreport.sun.com/bugreport/, os.arch=x86_64, java.awt.graphicsenv=sun.awt.CGraphicsEnvironment, java.ext.dirs=/Users/sabram/Library/Java/Extensions:/Library/Java/JavaVirtualMachines/jdk1.7.0_07.jdk/Contents/Home/jre/lib/ext:/Library/Java/Extensions:/Network/Library/Java/Extensions:/System/Library/Java/Extensions:/usr/lib/java, user.dir=/Users/sabram/Dev/testlab/MyMoney, line.separator=
, java.vm.name=Java HotSpot(TM) 64-Bit Server VM, basedir=/Users/sabram/Dev/testlab/MyMoney, cache.provider_class=org.hibernate.cache.NoCacheProvider, file.encoding=UTF-8, java.specification.version=1.7, hibernate.show_sql=true, hibernate.connection.pool_size=1}
19:11:49,250 DEBUG Configuration:1285 - Preparing to build session factory with filters : {}
19:11:49,256 DEBUG Configuration:1120 - processing extends queue
19:11:49,257 DEBUG Configuration:1124 - processing collection mappings
19:11:49,258 DEBUG CollectionSecondPass:41 - Second pass for collection: com.mymoney.model.Account.transactions
19:11:49,258  INFO HbmBinder:2385 - Mapping collection: com.mymoney.model.Account.transactions -&gt; Transaction
19:11:49,260 DEBUG CollectionSecondPass:57 - Mapped collection key: ACCOUNT_ID, one-to-many: com.mymoney.model.Transaction
19:11:49,260 DEBUG Configuration:1135 - processing native query and ResultSetMapping mappings
19:11:49,261 DEBUG Configuration:1143 - processing association property references
19:11:49,262 DEBUG Configuration:1165 - processing foreign key constraints
19:11:49,262 DEBUG Configuration:1248 - resolving reference to class: com.mymoney.model.Account
19:11:49,343  INFO DriverManagerConnectionProvider:41 - Using Hibernate built-in connection pool (not for production use!)
19:11:49,344  INFO DriverManagerConnectionProvider:42 - Hibernate connection pool size: 1
19:11:49,344  INFO DriverManagerConnectionProvider:45 - autocommit mode: false
19:11:49,351  INFO DriverManagerConnectionProvider:80 - using driver: org.hsqldb.jdbcDriver at URL: jdbc:hsqldb:hsql://localhost
19:11:49,352  INFO DriverManagerConnectionProvider:83 - connection properties: {user=sa, password=}
19:11:49,371 DEBUG DriverManagerConnectionProvider:93 - total checked-out connections: 0
19:11:49,372 DEBUG DriverManagerConnectionProvider:109 - opening new JDBC connection
19:11:49,441 DEBUG DriverManagerConnectionProvider:115 - created connection to: jdbc:hsqldb:hsql://localhost, Isolation Level: 2
19:11:49,456  INFO SettingsFactory:89 - RDBMS: HSQL Database Engine, version: 1.8.0
19:11:49,457  INFO SettingsFactory:90 - JDBC driver: HSQL Database Engine Driver, version: 1.8.0
19:11:49,457 DEBUG DriverManagerConnectionProvider:129 - returning connection to pool, pool size: 1
19:11:49,490  INFO Dialect:152 - Using dialect: org.hibernate.dialect.HSQLDialect
19:11:49,513  INFO TransactionFactoryFactory:31 - Using default transaction strategy (direct JDBC transactions)
19:11:49,516  INFO TransactionManagerLookupFactory:33 - No TransactionManagerLookup configured (in JTA environment, use of read-write or transactional second-level cache is not recommended)
19:11:49,517  INFO SettingsFactory:143 - Automatic flush during beforeCompletion(): disabled
19:11:49,518  INFO SettingsFactory:147 - Automatic session close at end of transaction: disabled
19:11:49,518  INFO SettingsFactory:154 - JDBC batch size: 15
19:11:49,519  INFO SettingsFactory:157 - JDBC batch updates for versioned data: disabled
19:11:49,521  INFO SettingsFactory:162 - Scrollable result sets: enabled
19:11:49,521 DEBUG SettingsFactory:166 - Wrap result sets: disabled
19:11:49,522  INFO SettingsFactory:170 - JDBC3 getGeneratedKeys(): disabled
19:11:49,525  INFO SettingsFactory:178 - Connection release mode: auto
19:11:49,528  INFO SettingsFactory:205 - Default batch fetch size: 1
19:11:49,529  INFO SettingsFactory:209 - Generate SQL with comments: disabled
19:11:49,530  INFO SettingsFactory:213 - Order SQL updates by primary key: disabled
19:11:49,530  INFO SettingsFactory:217 - Order SQL inserts for batching: disabled
19:11:49,531  INFO SettingsFactory:386 - Query translator: org.hibernate.hql.ast.ASTQueryTranslatorFactory
19:11:49,544  INFO ASTQueryTranslatorFactory:24 - Using ASTQueryTranslatorFactory
19:11:49,545  INFO SettingsFactory:225 - Query language substitutions: {}
19:11:49,546  INFO SettingsFactory:230 - JPA-QL strict compliance: disabled
19:11:49,546  INFO SettingsFactory:235 - Second-level cache: enabled
19:11:49,547  INFO SettingsFactory:239 - Query cache: disabled
19:11:49,547  INFO SettingsFactory:373 - Cache provider: org.hibernate.cache.NoCacheProvider
19:11:49,548  INFO SettingsFactory:254 - Optimize cache for minimal puts: disabled
19:11:49,548  INFO SettingsFactory:263 - Structured second-level cache entries: disabled
19:11:49,550 DEBUG SQLExceptionConverterFactory:52 - Using dialect defined converter
19:11:49,555  INFO SettingsFactory:283 - Echoing all SQL to stdout
19:11:49,555  INFO SettingsFactory:290 - Statistics: disabled
19:11:49,556  INFO SettingsFactory:294 - Deleted entity synthetic identifier rollback: disabled
19:11:49,556  INFO SettingsFactory:309 - Default entity-mode: pojo
19:11:49,557  INFO SettingsFactory:313 - Named query checking : enabled
19:11:49,785  INFO SessionFactoryImpl:161 - building session factory
19:11:49,786 DEBUG SessionFactoryImpl:173 - Session factory constructed with filter configurations : {}
19:11:49,787 DEBUG SessionFactoryImpl:177 - instantiating session factory with properties: {java.vendor=Oracle Corporation, show_sql=true, localRepository=/Users/sabram/.m2/repository, sun.java.launcher=SUN_STANDARD, hibernate.connection.url=jdbc:hsqldb:hsql://localhost, sun.management.compiler=HotSpot 64-Bit Tiered Compilers, os.name=Mac OS X, sun.boot.class.path=/Library/Java/JavaVirtualMachines/jdk1.7.0_07.jdk/Contents/Home/jre/lib/resources.jar:/Library/Java/JavaVirtualMachines/jdk1.7.0_07.jdk/Contents/Home/jre/lib/rt.jar:/Library/Java/JavaVirtualMachines/jdk1.7.0_07.jdk/Contents/Home/jre/lib/sunrsasign.jar:/Library/Java/JavaVirtualMachines/jdk1.7.0_07.jdk/Contents/Home/jre/lib/jsse.jar:/Library/Java/JavaVirtualMachines/jdk1.7.0_07.jdk/Contents/Home/jre/lib/jce.jar:/Library/Java/JavaVirtualMachines/jdk1.7.0_07.jdk/Contents/Home/jre/lib/charsets.jar:/Library/Java/JavaVirtualMachines/jdk1.7.0_07.jdk/Contents/Home/jre/lib/jfr.jar:/Library/Java/JavaVirtualMachines/jdk1.7.0_07.jdk/Contents/Home/jre/lib/JObjC.jar:/Library/Java/JavaVirtualMachines/jdk1.7.0_07.jdk/Contents/Home/jre/classes, hibernate.current_session_context_class=thread, java.vm.specification.vendor=Oracle Corporation, java.runtime.version=1.7.0_07-b10, hibernate.cache.provider_class=org.hibernate.cache.NoCacheProvider, user.name=sabram, connection.driver_class=org.hsqldb.jdbcDriver, current_session_context_class=thread, user.language=en, sun.boot.library.path=/Library/Java/JavaVirtualMachines/jdk1.7.0_07.jdk/Contents/Home/jre/lib, dialect=org.hibernate.dialect.HSQLDialect, java.version=1.7.0_07, user.timezone=America/Los_Angeles, sun.arch.data.model=64, http.nonProxyHosts=local|*.local|169.254/16|*.169.254/16, java.endorsed.dirs=/Library/Java/JavaVirtualMachines/jdk1.7.0_07.jdk/Contents/Home/jre/lib/endorsed, sun.cpu.isalist=, sun.jnu.encoding=UTF-8, file.encoding.pkg=sun.io, file.separator=/, java.specification.name=Java Platform API Specification, java.class.version=51.0, user.country=US, connection.url=jdbc:hsqldb:hsql://localhost, java.home=/Library/Java/JavaVirtualMachines/jdk1.7.0_07.jdk/Contents/Home/jre, java.vm.info=mixed mode, os.version=10.8.2, surefire.real.class.path=/Users/sabram/Dev/testlab/MyMoney/target/surefire/surefirebooter1284132449689507200.jar, path.separator=:, connection.password=, java.vm.version=23.3-b01, hibernate.connection.password=, java.awt.printerjob=sun.lwawt.macosx.CPrinterJob, sun.io.unicode.encoding=UnicodeBig, awt.toolkit=sun.lwawt.macosx.LWCToolkit, hibernate.connection.username=sa, socksNonProxyHosts=local|*.local|169.254/16|*.169.254/16, ftp.nonProxyHosts=local|*.local|169.254/16|*.169.254/16, user.home=/Users/sabram, java.specification.vendor=Oracle Corporation, java.library.path=/Users/sabram/Library/Java/Extensions:/Library/Java/Extensions:/Network/Library/Java/Extensions:/System/Library/Java/Extensions:/usr/lib/java:., java.vendor.url=http://java.oracle.com/, hibernate.connection.driver_class=org.hsqldb.jdbcDriver, connection.username=sa, java.vm.vendor=Oracle Corporation, gopherProxySet=false, hibernate.dialect=org.hibernate.dialect.HSQLDialect, java.runtime.name=Java(TM) SE Runtime Environment, sun.java.command=/Users/sabram/Dev/testlab/MyMoney/target/surefire/surefirebooter1284132449689507200.jar /Users/sabram/Dev/testlab/MyMoney/target/surefire/surefire2843837676712960576tmp /Users/sabram/Dev/testlab/MyMoney/target/surefire/surefire2000876659739432333tmp, java.class.path=/Users/sabram/Dev/testlab/MyMoney/target/test-classes:/Users/sabram/Dev/testlab/MyMoney/target/classes:/Users/sabram/.m2/repository/junit/junit/3.8.1/junit-3.8.1.jar:/Users/sabram/.m2/repository/com/domainlanguage/timeandmoney/0.5.1/timeandmoney-0.5.1.jar:/Users/sabram/.m2/repository/org/hibernate/hibernate/3.2.5.ga/hibernate-3.2.5.ga.jar:/Users/sabram/.m2/repository/net/sf/ehcache/ehcache/1.2.3/ehcache-1.2.3.jar:/Users/sabram/.m2/repository/javax/transaction/jta/1.0.1B/jta-1.0.1B.jar:/Users/sabram/.m2/repository/commons-logging/commons-logging/1.0.4/commons-logging-1.0.4.jar:/Users/sabram/.m2/repository/asm/asm-attrs/1.5.3/asm-attrs-1.5.3.jar:/Users/sabram/.m2/repository/dom4j/dom4j/1.6.1/dom4j-1.6.1.jar:/Users/sabram/.m2/repository/antlr/antlr/2.7.6/antlr-2.7.6.jar:/Users/sabram/.m2/repository/cglib/cglib/2.1_3/cglib-2.1_3.jar:/Users/sabram/.m2/repository/asm/asm/1.5.3/asm-1.5.3.jar:/Users/sabram/.m2/repository/commons-collections/commons-collections/2.1.1/commons-collections-2.1.1.jar:/Users/sabram/.m2/repository/org/dbunit/dbunit/2.2/dbunit-2.2.jar:/Users/sabram/.m2/repository/junit-addons/junit-addons/1.4/junit-addons-1.4.jar:/Users/sabram/.m2/repository/xerces/xercesImpl/2.6.2/xercesImpl-2.6.2.jar:/Users/sabram/.m2/repository/xerces/xmlParserAPIs/2.6.2/xmlParserAPIs-2.6.2.jar:/Users/sabram/.m2/repository/poi/poi/2.5.1-final-20040804/poi-2.5.1-final-20040804.jar:/Users/sabram/.m2/repository/commons-lang/commons-lang/2.1/commons-lang-2.1.jar:/Users/sabram/.m2/repository/org/testng/testng/5.1/testng-5.1-jdk15.jar:/Users/sabram/.m2/repository/javax/servlet/jsp-api/2.0/jsp-api-2.0.jar:/Users/sabram/.m2/repository/javax/servlet/servlet-api/2.4/servlet-api-2.4.jar:/Users/sabram/.m2/repository/org/springframework/spring-web/2.5.6/spring-web-2.5.6.jar:/Users/sabram/.m2/repository/org/springframework/spring-beans/2.5.6/spring-beans-2.5.6.jar:/Users/sabram/.m2/repository/org/springframework/spring-context/2.5.6/spring-context-2.5.6.jar:/Users/sabram/.m2/repository/aopalliance/aopalliance/1.0/aopalliance-1.0.jar:/Users/sabram/.m2/repository/org/springframework/spring-core/2.5.6/spring-core-2.5.6.jar:/Users/sabram/.m2/repository/org/springframework/spring-webmvc/2.5.6/spring-webmvc-2.5.6.jar:/Users/sabram/.m2/repository/org/springframework/spring-context-support/2.5.6/spring-context-support-2.5.6.jar:/Users/sabram/.m2/repository/log4j/log4j/1.2.13/log4j-1.2.13.jar:/Users/sabram/.m2/repository/org/jmock/jmock/2.1.0/jmock-2.1.0.jar:/Users/sabram/.m2/repository/org/hamcrest/hamcrest-api/1.0/hamcrest-api-1.0.jar:/Users/sabram/.m2/repository/org/hamcrest/hamcrest-library/1.0/hamcrest-library-1.0.jar:/Users/sabram/.m2/repository/org/jmock/jmock-junit3/2.1.0/jmock-junit3-2.1.0.jar:/Users/sabram/.m2/repository/hsqldb/hsqldb/1.8.0.7/hsqldb-1.8.0.7.jar:/Users/sabram/.m2/repository/org/apache/maven/surefire/surefire-testng-utils/2.10/surefire-testng-utils-2.10.jar:, hibernate.bytecode.use_reflection_optimizer=false, java.vm.specification.name=Java Virtual Machine Specification, java.vm.specification.version=1.7, sun.cpu.endian=little, sun.os.patch.level=unknown, surefire.test.class.path=/Users/sabram/Dev/testlab/MyMoney/target/test-classes:/Users/sabram/Dev/testlab/MyMoney/target/classes:/Users/sabram/.m2/repository/junit/junit/3.8.1/junit-3.8.1.jar:/Users/sabram/.m2/repository/com/domainlanguage/timeandmoney/0.5.1/timeandmoney-0.5.1.jar:/Users/sabram/.m2/repository/org/hibernate/hibernate/3.2.5.ga/hibernate-3.2.5.ga.jar:/Users/sabram/.m2/repository/net/sf/ehcache/ehcache/1.2.3/ehcache-1.2.3.jar:/Users/sabram/.m2/repository/javax/transaction/jta/1.0.1B/jta-1.0.1B.jar:/Users/sabram/.m2/repository/commons-logging/commons-logging/1.0.4/commons-logging-1.0.4.jar:/Users/sabram/.m2/repository/asm/asm-attrs/1.5.3/asm-attrs-1.5.3.jar:/Users/sabram/.m2/repository/dom4j/dom4j/1.6.1/dom4j-1.6.1.jar:/Users/sabram/.m2/repository/antlr/antlr/2.7.6/antlr-2.7.6.jar:/Users/sabram/.m2/repository/cglib/cglib/2.1_3/cglib-2.1_3.jar:/Users/sabram/.m2/repository/asm/asm/1.5.3/asm-1.5.3.jar:/Users/sabram/.m2/repository/commons-collections/commons-collections/2.1.1/commons-collections-2.1.1.jar:/Users/sabram/.m2/repository/org/dbunit/dbunit/2.2/dbunit-2.2.jar:/Users/sabram/.m2/repository/junit-addons/junit-addons/1.4/junit-addons-1.4.jar:/Users/sabram/.m2/repository/xerces/xercesImpl/2.6.2/xercesImpl-2.6.2.jar:/Users/sabram/.m2/repository/xerces/xmlParserAPIs/2.6.2/xmlParserAPIs-2.6.2.jar:/Users/sabram/.m2/repository/poi/poi/2.5.1-final-20040804/poi-2.5.1-final-20040804.jar:/Users/sabram/.m2/repository/commons-lang/commons-lang/2.1/commons-lang-2.1.jar:/Users/sabram/.m2/repository/org/testng/testng/5.1/testng-5.1-jdk15.jar:/Users/sabram/.m2/repository/javax/servlet/jsp-api/2.0/jsp-api-2.0.jar:/Users/sabram/.m2/repository/javax/servlet/servlet-api/2.4/servlet-api-2.4.jar:/Users/sabram/.m2/repository/org/springframework/spring-web/2.5.6/spring-web-2.5.6.jar:/Users/sabram/.m2/repository/org/springframework/spring-beans/2.5.6/spring-beans-2.5.6.jar:/Users/sabram/.m2/repository/org/springframework/spring-context/2.5.6/spring-context-2.5.6.jar:/Users/sabram/.m2/repository/aopalliance/aopalliance/1.0/aopalliance-1.0.jar:/Users/sabram/.m2/repository/org/springframework/spring-core/2.5.6/spring-core-2.5.6.jar:/Users/sabram/.m2/repository/org/springframework/spring-webmvc/2.5.6/spring-webmvc-2.5.6.jar:/Users/sabram/.m2/repository/org/springframework/spring-context-support/2.5.6/spring-context-support-2.5.6.jar:/Users/sabram/.m2/repository/log4j/log4j/1.2.13/log4j-1.2.13.jar:/Users/sabram/.m2/repository/org/jmock/jmock/2.1.0/jmock-2.1.0.jar:/Users/sabram/.m2/repository/org/hamcrest/hamcrest-api/1.0/hamcrest-api-1.0.jar:/Users/sabram/.m2/repository/org/hamcrest/hamcrest-library/1.0/hamcrest-library-1.0.jar:/Users/sabram/.m2/repository/org/jmock/jmock-junit3/2.1.0/jmock-junit3-2.1.0.jar:/Users/sabram/.m2/repository/hsqldb/hsqldb/1.8.0.7/hsqldb-1.8.0.7.jar:/Users/sabram/.m2/repository/org/apache/maven/surefire/surefire-testng-utils/2.10/surefire-testng-utils-2.10.jar:, connection.pool_size=1, java.io.tmpdir=/var/folders/qb/7gty8d3j64j68ltfvhs_853c0000gn/T/, java.vendor.url.bug=http://bugreport.sun.com/bugreport/, os.arch=x86_64, java.awt.graphicsenv=sun.awt.CGraphicsEnvironment, java.ext.dirs=/Users/sabram/Library/Java/Extensions:/Library/Java/JavaVirtualMachines/jdk1.7.0_07.jdk/Contents/Home/jre/lib/ext:/Library/Java/Extensions:/Network/Library/Java/Extensions:/System/Library/Java/Extensions:/usr/lib/java, user.dir=/Users/sabram/Dev/testlab/MyMoney, line.separator=
, java.vm.name=Java HotSpot(TM) 64-Bit Server VM, basedir=/Users/sabram/Dev/testlab/MyMoney, cache.provider_class=org.hibernate.cache.NoCacheProvider, file.encoding=UTF-8, java.specification.version=1.7, hibernate.connection.pool_size=1, hibernate.show_sql=true}
19:11:50,057 DEBUG AbstractEntityPersister:2738 - Static SQL for entity: com.mymoney.model.Transaction
19:11:50,058 DEBUG AbstractEntityPersister:2743 -  Version select: select TRANSACTION_ID from Transaction where TRANSACTION_ID =?
19:11:50,059 DEBUG AbstractEntityPersister:2746 -  Snapshot select: select transactio_.TRANSACTION_ID, transactio_.account_id as account2_1_, transactio_.category as category1_, transactio_.subCategory as subCateg4_1_, transactio_.description as descript5_1_, transactio_.payee as payee1_, transactio_.amount as amount1_, transactio_.currency as currency1_ from Transaction transactio_ where transactio_.TRANSACTION_ID=?
19:11:50,059 DEBUG AbstractEntityPersister:2749 -  Insert 0: insert into Transaction (account_id, category, subCategory, description, payee, amount, currency, TRANSACTION_ID) values (?, ?, ?, ?, ?, ?, ?, ?)
19:11:50,060 DEBUG AbstractEntityPersister:2750 -  Update 0: update Transaction set account_id=?, category=?, subCategory=?, description=?, payee=?, amount=?, currency=? where TRANSACTION_ID=?
19:11:50,060 DEBUG AbstractEntityPersister:2751 -  Delete 0: delete from Transaction where TRANSACTION_ID=?
19:11:50,061 DEBUG AbstractEntityPersister:2755 -  Identity insert: insert into Transaction (TRANSACTION_ID, account_id, category, subCategory, description, payee, amount, currency) values (null, ?, ?, ?, ?, ?, ?, ?)
19:11:50,077 DEBUG AbstractEntityPersister:2738 - Static SQL for entity: com.mymoney.model.Account
19:11:50,078 DEBUG AbstractEntityPersister:2743 -  Version select: select ACCOUNT_ID from Account where ACCOUNT_ID =?
19:11:50,078 DEBUG AbstractEntityPersister:2746 -  Snapshot select: select account_.ACCOUNT_ID, account_.name as name0_, account_.shortName as shortName0_, account_.accountNum as accountNum0_, account_.notes as notes0_, account_.amount as amount0_, account_.currency as currency0_ from Account account_ where account_.ACCOUNT_ID=?
19:11:50,079 DEBUG AbstractEntityPersister:2749 -  Insert 0: insert into Account (name, shortName, accountNum, notes, amount, currency, ACCOUNT_ID) values (?, ?, ?, ?, ?, ?, ?)
19:11:50,080 DEBUG AbstractEntityPersister:2750 -  Update 0: update Account set name=?, shortName=?, accountNum=?, notes=?, amount=?, currency=? where ACCOUNT_ID=?
19:11:50,081 DEBUG AbstractEntityPersister:2751 -  Delete 0: delete from Account where ACCOUNT_ID=?
19:11:50,082 DEBUG AbstractEntityPersister:2755 -  Identity insert: insert into Account (ACCOUNT_ID, name, shortName, accountNum, notes, amount, currency) values (null, ?, ?, ?, ?, ?, ?)
19:11:50,092 DEBUG AbstractCollectionPersister:548 - Static SQL for collection: com.mymoney.model.Account.transactions
19:11:50,094 DEBUG AbstractCollectionPersister:550 -  Row insert: update Transaction set ACCOUNT_ID=? where TRANSACTION_ID=?
19:11:50,094 DEBUG AbstractCollectionPersister:556 -  Row delete: update Transaction set ACCOUNT_ID=null where ACCOUNT_ID=? and TRANSACTION_ID=?
19:11:50,095 DEBUG AbstractCollectionPersister:559 -  One-shot delete: update Transaction set ACCOUNT_ID=null where ACCOUNT_ID=?
19:11:50,124 DEBUG EntityLoader:79 - Static select for entity com.mymoney.model.Transaction: select transactio0_.TRANSACTION_ID as TRANSACT1_1_0_, transactio0_.account_id as account2_1_0_, transactio0_.category as category1_0_, transactio0_.subCategory as subCateg4_1_0_, transactio0_.description as descript5_1_0_, transactio0_.payee as payee1_0_, transactio0_.amount as amount1_0_, transactio0_.currency as currency1_0_ from Transaction transactio0_ where transactio0_.TRANSACTION_ID=?
19:11:50,125 DEBUG EntityLoader:79 - Static select for entity com.mymoney.model.Transaction: select transactio0_.TRANSACTION_ID as TRANSACT1_1_0_, transactio0_.account_id as account2_1_0_, transactio0_.category as category1_0_, transactio0_.subCategory as subCateg4_1_0_, transactio0_.description as descript5_1_0_, transactio0_.payee as payee1_0_, transactio0_.amount as amount1_0_, transactio0_.currency as currency1_0_ from Transaction transactio0_ where transactio0_.TRANSACTION_ID=?
19:11:50,126 DEBUG EntityLoader:79 - Static select for entity com.mymoney.model.Transaction: select transactio0_.TRANSACTION_ID as TRANSACT1_1_0_, transactio0_.account_id as account2_1_0_, transactio0_.category as category1_0_, transactio0_.subCategory as subCateg4_1_0_, transactio0_.description as descript5_1_0_, transactio0_.payee as payee1_0_, transactio0_.amount as amount1_0_, transactio0_.currency as currency1_0_ from Transaction transactio0_ where transactio0_.TRANSACTION_ID=?
19:11:50,126 DEBUG EntityLoader:79 - Static select for entity com.mymoney.model.Transaction: select transactio0_.TRANSACTION_ID as TRANSACT1_1_0_, transactio0_.account_id as account2_1_0_, transactio0_.category as category1_0_, transactio0_.subCategory as subCateg4_1_0_, transactio0_.description as descript5_1_0_, transactio0_.payee as payee1_0_, transactio0_.amount as amount1_0_, transactio0_.currency as currency1_0_ from Transaction transactio0_ where transactio0_.TRANSACTION_ID=?
19:11:50,131 DEBUG EntityLoader:79 - Static select for entity com.mymoney.model.Transaction: select transactio0_.TRANSACTION_ID as TRANSACT1_1_0_, transactio0_.account_id as account2_1_0_, transactio0_.category as category1_0_, transactio0_.subCategory as subCateg4_1_0_, transactio0_.description as descript5_1_0_, transactio0_.payee as payee1_0_, transactio0_.amount as amount1_0_, transactio0_.currency as currency1_0_ from Transaction transactio0_ where transactio0_.TRANSACTION_ID=?
19:11:50,142 DEBUG EntityLoader:34 - Static select for action ACTION_MERGE on entity com.mymoney.model.Transaction: select transactio0_.TRANSACTION_ID as TRANSACT1_1_0_, transactio0_.account_id as account2_1_0_, transactio0_.category as category1_0_, transactio0_.subCategory as subCateg4_1_0_, transactio0_.description as descript5_1_0_, transactio0_.payee as payee1_0_, transactio0_.amount as amount1_0_, transactio0_.currency as currency1_0_ from Transaction transactio0_ where transactio0_.TRANSACTION_ID=?
19:11:50,143 DEBUG EntityLoader:34 - Static select for action ACTION_REFRESH on entity com.mymoney.model.Transaction: select transactio0_.TRANSACTION_ID as TRANSACT1_1_0_, transactio0_.account_id as account2_1_0_, transactio0_.category as category1_0_, transactio0_.subCategory as subCateg4_1_0_, transactio0_.description as descript5_1_0_, transactio0_.payee as payee1_0_, transactio0_.amount as amount1_0_, transactio0_.currency as currency1_0_ from Transaction transactio0_ where transactio0_.TRANSACTION_ID=?
19:11:50,144 DEBUG EntityLoader:79 - Static select for entity com.mymoney.model.Account: select account0_.ACCOUNT_ID as ACCOUNT1_0_0_, account0_.name as name0_0_, account0_.shortName as shortName0_0_, account0_.accountNum as accountNum0_0_, account0_.notes as notes0_0_, account0_.amount as amount0_0_, account0_.currency as currency0_0_ from Account account0_ where account0_.ACCOUNT_ID=?
19:11:50,145 DEBUG EntityLoader:79 - Static select for entity com.mymoney.model.Account: select account0_.ACCOUNT_ID as ACCOUNT1_0_0_, account0_.name as name0_0_, account0_.shortName as shortName0_0_, account0_.accountNum as accountNum0_0_, account0_.notes as notes0_0_, account0_.amount as amount0_0_, account0_.currency as currency0_0_ from Account account0_ where account0_.ACCOUNT_ID=?
19:11:50,146 DEBUG EntityLoader:79 - Static select for entity com.mymoney.model.Account: select account0_.ACCOUNT_ID as ACCOUNT1_0_0_, account0_.name as name0_0_, account0_.shortName as shortName0_0_, account0_.accountNum as accountNum0_0_, account0_.notes as notes0_0_, account0_.amount as amount0_0_, account0_.currency as currency0_0_ from Account account0_ where account0_.ACCOUNT_ID=?
19:11:50,147 DEBUG EntityLoader:79 - Static select for entity com.mymoney.model.Account: select account0_.ACCOUNT_ID as ACCOUNT1_0_0_, account0_.name as name0_0_, account0_.shortName as shortName0_0_, account0_.accountNum as accountNum0_0_, account0_.notes as notes0_0_, account0_.amount as amount0_0_, account0_.currency as currency0_0_ from Account account0_ where account0_.ACCOUNT_ID=?
19:11:50,148 DEBUG EntityLoader:79 - Static select for entity com.mymoney.model.Account: select account0_.ACCOUNT_ID as ACCOUNT1_0_0_, account0_.name as name0_0_, account0_.shortName as shortName0_0_, account0_.accountNum as accountNum0_0_, account0_.notes as notes0_0_, account0_.amount as amount0_0_, account0_.currency as currency0_0_ from Account account0_ where account0_.ACCOUNT_ID=?
19:11:50,154 DEBUG EntityLoader:34 - Static select for action ACTION_MERGE on entity com.mymoney.model.Account: select account0_.ACCOUNT_ID as ACCOUNT1_0_1_, account0_.name as name0_1_, account0_.shortName as shortName0_1_, account0_.accountNum as accountNum0_1_, account0_.notes as notes0_1_, account0_.amount as amount0_1_, account0_.currency as currency0_1_, transactio1_.ACCOUNT_ID as ACCOUNT2_3_, transactio1_.TRANSACTION_ID as TRANSACT1_3_, transactio1_.TRANSACTION_ID as TRANSACT1_1_0_, transactio1_.account_id as account2_1_0_, transactio1_.category as category1_0_, transactio1_.subCategory as subCateg4_1_0_, transactio1_.description as descript5_1_0_, transactio1_.payee as payee1_0_, transactio1_.amount as amount1_0_, transactio1_.currency as currency1_0_ from Account account0_ left outer join Transaction transactio1_ on account0_.ACCOUNT_ID=transactio1_.ACCOUNT_ID where account0_.ACCOUNT_ID=?
19:11:50,156 DEBUG EntityLoader:34 - Static select for action ACTION_REFRESH on entity com.mymoney.model.Account: select account0_.ACCOUNT_ID as ACCOUNT1_0_1_, account0_.name as name0_1_, account0_.shortName as shortName0_1_, account0_.accountNum as accountNum0_1_, account0_.notes as notes0_1_, account0_.amount as amount0_1_, account0_.currency as currency0_1_, transactio1_.ACCOUNT_ID as ACCOUNT2_3_, transactio1_.TRANSACTION_ID as TRANSACT1_3_, transactio1_.TRANSACTION_ID as TRANSACT1_1_0_, transactio1_.account_id as account2_1_0_, transactio1_.category as category1_0_, transactio1_.subCategory as subCateg4_1_0_, transactio1_.description as descript5_1_0_, transactio1_.payee as payee1_0_, transactio1_.amount as amount1_0_, transactio1_.currency as currency1_0_ from Account account0_ left outer join Transaction transactio1_ on account0_.ACCOUNT_ID=transactio1_.ACCOUNT_ID where account0_.ACCOUNT_ID=?
19:11:50,163 DEBUG OneToManyLoader:64 - Static select for one-to-many com.mymoney.model.Account.transactions: select transactio0_.ACCOUNT_ID as ACCOUNT2_1_, transactio0_.TRANSACTION_ID as TRANSACT1_1_, transactio0_.TRANSACTION_ID as TRANSACT1_1_0_, transactio0_.account_id as account2_1_0_, transactio0_.category as category1_0_, transactio0_.subCategory as subCateg4_1_0_, transactio0_.description as descript5_1_0_, transactio0_.payee as payee1_0_, transactio0_.amount as amount1_0_, transactio0_.currency as currency1_0_ from Transaction transactio0_ where transactio0_.ACCOUNT_ID=?
19:11:50,165 DEBUG SessionFactoryObjectFactory:39 - initializing class SessionFactoryObjectFactory
19:11:50,169 DEBUG SessionFactoryObjectFactory:76 - registered: 4028c3813a5d0aa5013a5d0aa7130000 (unnamed)
19:11:50,169  INFO SessionFactoryObjectFactory:82 - Not binding factory to JNDI, no JNDI name configured
19:11:50,170 DEBUG SessionFactoryImpl:308 - instantiated session factory
19:11:50,174 DEBUG SessionFactoryImpl:392 - Checking 0 named HQL queries
19:11:50,175 DEBUG SessionFactoryImpl:412 - Checking 0 named SQL queries
19:11:50,176 DEBUG DriverManagerConnectionProvider:93 - total checked-out connections: 0
19:11:50,177 DEBUG DriverManagerConnectionProvider:99 - using pooled JDBC connection, pool size: 0
</system-out>
  </testcase>
  <testcase time="0" classname="com.mymoney.persistence.PersistentStateTransitionsTest" name="afterTestMethod">
    <skipped/>
  </testcase>
  <testcase time="0" classname="com.mymoney.persistence.PersistentStateTransitionsTest" name="storeAndLoadItem">
    <skipped/>
  </testcase>
  <testcase time="0.001" classname="com.mymoney.AppTest" name="testApp"/>
  <testcase time="0.13" classname="com.mymoney.service.impl.AccountServiceTest" name="testGetAccounts_MultipleInvocations"/>
  <testcase time="0.03" classname="com.mymoney.service.impl.AccountServiceTest" name="testGetAccounts"/>
</testsuite>